<?xml version="1.0" encoding="UTF-8"?><testsuite errors="0" failures="0" name="SerenityWithJUnit.features.search.SearchByKeywordStory" skipped="1" tests="3" time="14.72" timestamp="2021-04-109 12:48:00"><testcase classname="SerenityWithJUnit.features.search.SearchByKeywordStory" name="Searching by keyword banana should display the corresponding article"/><testcase classname="SerenityWithJUnit.features.search.SearchByKeywordStory" name="Searching by ambiguious keyword should display the disambiguation page"><skipped/></testcase><testcase classname="SerenityWithJUnit.features.search.SearchByKeywordStory" name="Searching by keyword apple should display the corresponding article"/></testsuite>